<?xml version="1.0" encoding="UTF-8"?>
<testsuite xmlns:xsi="http://www.w3.org/2001/XMLSchema-instance" xsi:noNamespaceSchemaLocation="https://maven.apache.org/surefire/maven-surefire-plugin/xsd/surefire-test-report-3.0.xsd" version="3.0" name="BankAccountTest" time="0.041" tests="7" errors="0" skipped="0" failures="0">
  <properties>
[...]
</properties>
  <testcase name="successfulDeposit" classname="BankAccountTest" time="0.018"/>
  <testcase name="withdrawValueSuperiorToBalance" classname="BankAccountTest" time="0.001"/>
  <testcase name="invalidDepositValueRefused" classname="BankAccountTest" time="0.001"/>
  <testcase name="invalidWithdrawValueRefused" classname="BankAccountTest" time="0.001"/>
  <testcase name="validAccountCreatedSuccessfully" classname="BankAccountTest" time="0.0"/>
  <testcase name="invalidBalanceOnAccountCreation" classname="BankAccountTest" time="0.0"/>
  <testcase name="validWithdrawValueAcceptedAndOperationSuccessful" classname="BankAccountTest" time="0.0"/>
</testsuite>